2023-05-20 12:17:08,199 INFO o.a.j.u.JMeterUtils: Setting Locale to en_EN
2023-05-20 12:17:08,215 INFO o.a.j.JMeter: Loading user properties from: C:\apache-jmeter-5.4.3\apache-jmeter-5.4.3\bin\user.properties
2023-05-20 12:17:08,215 INFO o.a.j.JMeter: Loading system properties from: C:\apache-jmeter-5.4.3\apache-jmeter-5.4.3\bin\system.properties
2023-05-20 12:17:08,215 INFO o.a.j.JMeter: Copyright (c) 1998-2021 The Apache Software Foundation
2023-05-20 12:17:08,215 INFO o.a.j.JMeter: Version 5.4.3
2023-05-20 12:17:08,215 INFO o.a.j.JMeter: java.version=1.8.0_202
2023-05-20 12:17:08,215 INFO o.a.j.JMeter: java.vm.name=Java HotSpot(TM) 64-Bit Server VM
2023-05-20 12:17:08,215 INFO o.a.j.JMeter: os.name=Windows 10
2023-05-20 12:17:08,215 INFO o.a.j.JMeter: os.arch=amd64
2023-05-20 12:17:08,215 INFO o.a.j.JMeter: os.version=10.0
2023-05-20 12:17:08,215 INFO o.a.j.JMeter: file.encoding=Cp1252
2023-05-20 12:17:08,215 INFO o.a.j.JMeter: java.awt.headless=true
2023-05-20 12:17:08,215 INFO o.a.j.JMeter: Max memory     =1073741824
2023-05-20 12:17:08,215 INFO o.a.j.JMeter: Available Processors =6
2023-05-20 12:17:08,215 INFO o.a.j.JMeter: Default Locale=English (EN)
2023-05-20 12:17:08,215 INFO o.a.j.JMeter: JMeter  Locale=English (EN)
2023-05-20 12:17:08,215 INFO o.a.j.JMeter: JMeterHome=C:\apache-jmeter-5.4.3\apache-jmeter-5.4.3
2023-05-20 12:17:08,215 INFO o.a.j.JMeter: user.dir  =C:\Users\LENOVO\Downloads\test
2023-05-20 12:17:08,215 INFO o.a.j.JMeter: PWD       =C:\Users\LENOVO\Downloads\test
2023-05-20 12:17:08,231 INFO o.a.j.JMeter: IP: 192.168.0.111 Name: DESKTOP-A5NETF3 FullName: DESKTOP-A5NETF3
2023-05-20 12:17:08,231 INFO o.a.j.JMeter: Setting property 'jmeter.reportgenerator.outputdir' to:'C:\Users\LENOVO\Downloads\test\report'
2023-05-20 12:17:08,231 INFO o.a.j.s.FileServer: Default base='C:\Users\LENOVO\Downloads\test'
2023-05-20 12:17:08,231 INFO o.a.j.s.FileServer: Set new base='C:\Users\LENOVO\Downloads\test'
2023-05-20 12:17:08,324 INFO o.a.j.s.SaveService: Testplan (JMX) version: 2.2. Testlog (JTL) version: 2.2
2023-05-20 12:17:08,340 INFO o.a.j.s.SaveService: Using SaveService properties file encoding UTF-8
2023-05-20 12:17:08,340 INFO o.a.j.s.SaveService: Using SaveService properties version 5.0
2023-05-20 12:17:08,340 INFO o.a.j.s.SaveService: Loading file: C:\Users\LENOVO\Downloads\test\load_test.jmx
2023-05-20 12:17:08,387 INFO o.a.j.p.h.c.CookieManager: Settings: Delete null: true Check: true Allow variable: true Save: false Prefix: COOKIE_
2023-05-20 12:17:08,387 INFO o.a.j.p.h.c.CacheManager: Will only cache the following methods: [GET]
2023-05-20 12:17:08,403 INFO o.a.j.p.h.s.HTTPSamplerBase: Parser for text/html is org.apache.jmeter.protocol.http.parser.LagartoBasedHtmlParser
2023-05-20 12:17:08,403 INFO o.a.j.p.h.s.HTTPSamplerBase: Parser for application/xhtml+xml is org.apache.jmeter.protocol.http.parser.LagartoBasedHtmlParser
2023-05-20 12:17:08,403 INFO o.a.j.p.h.s.HTTPSamplerBase: Parser for application/xml is org.apache.jmeter.protocol.http.parser.LagartoBasedHtmlParser
2023-05-20 12:17:08,403 INFO o.a.j.p.h.s.HTTPSamplerBase: Parser for text/xml is org.apache.jmeter.protocol.http.parser.LagartoBasedHtmlParser
2023-05-20 12:17:08,403 INFO o.a.j.p.h.s.HTTPSamplerBase: Parser for text/vnd.wap.wml is org.apache.jmeter.protocol.http.parser.RegexpHTMLParser
2023-05-20 12:17:08,403 INFO o.a.j.p.h.s.HTTPSamplerBase: Parser for text/css is org.apache.jmeter.protocol.http.parser.CssParser
2023-05-20 12:17:08,418 INFO o.a.j.JMeter: Creating summariser <summary>
2023-05-20 12:17:08,434 INFO o.a.j.r.d.ReportGenerator: ReportGenerator will use for Parsing the separator: ','
2023-05-20 12:17:08,434 INFO o.a.j.r.d.ReportGenerator: Will generate report at end of test from  results file: C:\Users\LENOVO\Downloads\test\result.csv
2023-05-20 12:17:08,434 INFO o.a.j.r.d.ReportGenerator: Reading report generator properties from: C:\apache-jmeter-5.4.3\apache-jmeter-5.4.3\bin\reportgenerator.properties
2023-05-20 12:17:08,449 INFO o.a.j.r.d.ReportGenerator: Merging with JMeter properties
2023-05-20 12:17:08,449 INFO o.a.j.r.c.ReportGeneratorConfiguration: Property 'jmeter.reportgenerator.temp_dir' not found, using default value 'temp' instead.
2023-05-20 12:17:08,449 INFO o.a.j.r.c.ReportGeneratorConfiguration: Property 'jmeter.reportgenerator.apdex_per_transaction' not found, using default value 'null' instead.
2023-05-20 12:17:08,449 INFO o.a.j.r.c.ReportGeneratorConfiguration: apdex_per_transaction is empty, not APDEX per transaction customization
2023-05-20 12:17:08,449 INFO o.a.j.r.c.ReportGeneratorConfiguration: Property 'jmeter.reportgenerator.sample_filter' not found, using default value 'null' instead.
2023-05-20 12:17:08,449 INFO o.a.j.r.c.ReportGeneratorConfiguration: Property 'jmeter.reportgenerator.report_title' not found, using default value 'null' instead.
2023-05-20 12:17:08,449 INFO o.a.j.r.c.ReportGeneratorConfiguration: Property 'jmeter.reportgenerator.start_date' not found, using default value 'null' instead.
2023-05-20 12:17:08,449 INFO o.a.j.r.c.ReportGeneratorConfiguration: Property 'jmeter.reportgenerator.end_date' not found, using default value 'null' instead.
2023-05-20 12:17:08,449 INFO o.a.j.r.c.ReportGeneratorConfiguration: Property 'jmeter.reportgenerator.date_format' not found, using default value 'null' instead.
2023-05-20 12:17:08,449 INFO o.a.j.r.c.ReportGeneratorConfiguration: Will use date range start date: null, end date: null
2023-05-20 12:17:08,449 INFO o.a.j.r.c.ReportGeneratorConfiguration: Property 'jmeter.reportgenerator.graph.totalTPS.exclude_controllers' not found, using default value 'false' instead.
2023-05-20 12:17:08,449 INFO o.a.j.r.c.ReportGeneratorConfiguration: Property 'jmeter.reportgenerator.graph.activeThreadsOverTime.exclude_controllers' not found, using default value 'false' instead.
2023-05-20 12:17:08,449 INFO o.a.j.r.c.ReportGeneratorConfiguration: Property 'jmeter.reportgenerator.graph.timeVsThreads.exclude_controllers' not found, using default value 'false' instead.
2023-05-20 12:17:08,449 INFO o.a.j.r.c.ReportGeneratorConfiguration: Property 'jmeter.reportgenerator.graph.responseTimeDistribution.exclude_controllers' not found, using default value 'false' instead.
2023-05-20 12:17:08,449 INFO o.a.j.r.c.ReportGeneratorConfiguration: Property 'jmeter.reportgenerator.graph.transactionsPerSecond.exclude_controllers' not found, using default value 'false' instead.
2023-05-20 12:17:08,449 INFO o.a.j.r.c.ReportGeneratorConfiguration: Property 'jmeter.reportgenerator.graph.responseTimePercentiles.exclude_controllers' not found, using default value 'false' instead.
2023-05-20 12:17:08,449 INFO o.a.j.r.c.ReportGeneratorConfiguration: Property 'jmeter.reportgenerator.graph.responseTimePercentilesOverTime.exclude_controllers' not found, using default value 'false' instead.
2023-05-20 12:17:08,449 INFO o.a.j.r.c.ReportGeneratorConfiguration: Property 'jmeter.reportgenerator.graph.responseTimesOverTime.exclude_controllers' not found, using default value 'false' instead.
2023-05-20 12:17:08,449 INFO o.a.j.r.c.ReportGeneratorConfiguration: Property 'jmeter.reportgenerator.graph.connectTimeOverTime.exclude_controllers' not found, using default value 'false' instead.
2023-05-20 12:17:08,449 INFO o.a.j.r.c.ReportGeneratorConfiguration: Property 'jmeter.reportgenerator.graph.latenciesOverTime.exclude_controllers' not found, using default value 'false' instead.
2023-05-20 12:17:08,449 INFO o.a.j.r.c.ReportGeneratorConfiguration: Property 'jmeter.reportgenerator.exporter.json.filters_only_sample_series' not found, using default value 'true' instead.
2023-05-20 12:17:08,449 INFO o.a.j.r.c.ReportGeneratorConfiguration: Property 'jmeter.reportgenerator.exporter.json.series_filter' not found, using default value '' instead.
2023-05-20 12:17:08,449 INFO o.a.j.r.c.ReportGeneratorConfiguration: Property 'jmeter.reportgenerator.exporter.json.show_controllers_only' not found, using default value 'false' instead.
2023-05-20 12:17:08,449 INFO o.a.j.r.c.ReportGeneratorConfiguration: Property 'jmeter.reportgenerator.exporter.html.filters_only_sample_series' not found, using default value 'true' instead.
2023-05-20 12:17:08,449 INFO o.a.j.r.c.ReportGeneratorConfiguration: Property 'jmeter.reportgenerator.exporter.html.series_filter' not found, using default value '' instead.
2023-05-20 12:17:08,449 INFO o.a.j.r.c.ReportGeneratorConfiguration: Property 'jmeter.reportgenerator.exporter.html.show_controllers_only' not found, using default value 'false' instead.
2023-05-20 12:17:08,465 INFO o.a.j.e.StandardJMeterEngine: Running the test!
2023-05-20 12:17:08,465 INFO o.a.j.s.SampleEvent: List of sample_variables: []
2023-05-20 12:17:08,465 INFO o.a.j.s.SampleEvent: List of sample_variables: []
2023-05-20 12:17:08,465 INFO o.a.j.e.u.CompoundVariable: Note: Function class names must contain the string: '.functions.'
2023-05-20 12:17:08,465 INFO o.a.j.e.u.CompoundVariable: Note: Function class names must not contain the string: '.gui.'
2023-05-20 12:17:08,731 INFO o.a.j.JMeter: Running test (1684563428731)
2023-05-20 12:17:08,762 INFO o.a.j.e.StandardJMeterEngine: Starting ThreadGroup: 1 : Thread Group
2023-05-20 12:17:08,762 INFO o.a.j.e.StandardJMeterEngine: Starting 1 threads for group Thread Group.
2023-05-20 12:17:08,762 INFO o.a.j.e.StandardJMeterEngine: Thread will continue on error
2023-05-20 12:17:08,762 INFO o.a.j.t.ThreadGroup: Starting thread group... number=1 threads=1 ramp-up=1 delayedStart=false
2023-05-20 12:17:08,762 INFO o.a.j.t.ThreadGroup: Started thread group number 1
2023-05-20 12:17:08,762 INFO o.a.j.e.StandardJMeterEngine: All thread groups have been started
2023-05-20 12:17:08,762 INFO o.a.j.s.SampleResult: Note: Sample TimeStamps are START times
2023-05-20 12:17:08,778 INFO o.a.j.s.SampleResult: sampleresult.default.encoding is set to ISO-8859-1
2023-05-20 12:17:08,778 INFO o.a.j.s.SampleResult: sampleresult.useNanoTime=true
2023-05-20 12:17:08,778 INFO o.a.j.s.SampleResult: sampleresult.nanoThreadSleep=5000
2023-05-20 12:17:08,778 INFO o.a.j.t.JMeterThread: Thread started: Thread Group 1-1
2023-05-20 12:17:08,778 INFO o.a.j.p.h.s.HTTPHCAbstractImpl: Local host = DESKTOP-A5NETF3
2023-05-20 12:17:08,794 INFO o.a.j.p.h.s.HTTPHC4Impl: HTTP request retry count = 0
2023-05-20 12:17:09,950 INFO o.a.j.p.h.p.BaseParser: Created org.apache.jmeter.protocol.http.parser.LagartoBasedHtmlParser
2023-05-20 12:17:09,981 INFO o.a.j.p.h.s.ResourcesDownloader: Creating ResourcesDownloader with keepalive_inseconds : 60
2023-05-20 12:17:09,997 INFO o.a.j.p.h.s.h.LazyLayeredConnectionSocketFactory: Setting up HTTPS TrustAll Socket Factory
2023-05-20 12:17:10,012 INFO o.a.j.u.JsseSSLManager: Using default SSL protocol: TLS
2023-05-20 12:17:10,012 INFO o.a.j.u.JsseSSLManager: SSL session context: per-thread
2023-05-20 12:17:10,044 INFO o.a.j.p.h.p.BaseParser: Created org.apache.jmeter.protocol.http.parser.CssParser
2023-05-20 12:17:10,325 INFO o.a.j.u.SSLManager: JmeterKeyStore Location:  type JKS
2023-05-20 12:17:10,325 INFO o.a.j.u.SSLManager: KeyStore created OK
2023-05-20 12:17:10,325 WARN o.a.j.u.SSLManager: Keystore file not found, loading empty keystore
2023-05-20 12:17:10,981 WARN c.h.c.r.e.LoggingCSSParseErrorHandler: [365:92] Unexpected rule '@import': import rule in the middle of the file is not allowed!
2023-05-20 12:17:13,873 WARN c.h.c.r.e.LoggingCSSParseErrorHandler: Browser compliant mode skipped CSS from [10:619] starting at token ';' until [10:635] to token '}' (based on com.helger.css.parser.ParseException: Encountered unexpected token: "*" "*"
    at line 10, column 620.

Was expecting one of:

    ";"
    "@bottom-center"
    "@bottom-left"
    "@bottom-left-corner"
    "@bottom-right"
    "@bottom-right-corner"
    "@charset"
    "@import"
    "@left-bottom"
    "@left-middle"
    "@left-top"
    "@media"
    "@namespace"
    "@page"
    "@right-bottom"
    "@right-middle"
    "@right-top"
    "@supports"
    "@top-center"
    "@top-left"
    "@top-left-corner"
    "@top-right"
    "@top-right-corner"
    "}"
    <AT_UNKNOWN>
    <FONTFACE_SYM>
    <IDENT>
    <KEYFRAMES_SYM>
    <S>
    <VIEWPORT_SYM>
)
2023-05-20 12:17:14,560 INFO o.a.j.t.JMeterThread: Thread is done: Thread Group 1-1
2023-05-20 12:17:14,560 INFO o.a.j.t.JMeterThread: Thread finished: Thread Group 1-1
2023-05-20 12:17:14,560 INFO o.a.j.e.StandardJMeterEngine: Notifying test listeners of end of test
2023-05-20 12:17:14,560 INFO o.a.j.r.Summariser: summary =      3 in 00:00:06 =    0.5/s Avg:  1905 Min:   284 Max:  4887 Err:     2 (66.67%)
2023-05-20 12:17:14,576 INFO o.a.j.JMeter: Generating Dashboard
2023-05-20 12:17:14,576 INFO o.a.j.r.d.ReportGenerator: Flushing result collector before report Generation
2023-05-20 12:17:14,576 INFO o.a.j.r.p.NormalizerSampleConsumer: Using format, 'ms', to parse timeStamp field
2023-05-20 12:17:14,638 INFO o.a.j.r.p.AbstractSampleConsumer: class org.apache.jmeter.report.processor.AggregateConsumer#stopProducing(): beginDate produced 0 samples
2023-05-20 12:17:14,638 INFO o.a.j.r.p.AbstractSampleConsumer: class org.apache.jmeter.report.processor.AggregateConsumer#stopProducing(): endDate produced 0 samples
2023-05-20 12:17:14,638 INFO o.a.j.r.p.AbstractSampleConsumer: class org.apache.jmeter.report.processor.ApdexSummaryConsumer#stopProducing(): apdexSummary produced 0 samples
2023-05-20 12:17:14,638 INFO o.a.j.r.p.AbstractSampleConsumer: class org.apache.jmeter.report.processor.RequestsSummaryConsumer#stopProducing(): requestsSummary produced 0 samples
2023-05-20 12:17:14,638 INFO o.a.j.r.p.AbstractSampleConsumer: class org.apache.jmeter.report.processor.StatisticsSummaryConsumer#stopProducing(): statisticsSummary produced 0 samples
2023-05-20 12:17:14,654 INFO o.a.j.r.p.AbstractSampleConsumer: class org.apache.jmeter.report.processor.Top5ErrorsBySamplerConsumer#stopProducing(): top5ErrorsBySampler produced 0 samples
2023-05-20 12:17:14,654 INFO o.a.j.r.p.AbstractSampleConsumer: class org.apache.jmeter.report.processor.ErrorsSummaryConsumer#stopProducing(): errorsSummary produced 0 samples
2023-05-20 12:17:14,654 INFO o.a.j.r.p.AbstractSampleConsumer: class org.apache.jmeter.report.processor.graph.impl.HitsPerSecondGraphConsumer#stopProducing(): hitsPerSecond produced 0 samples
2023-05-20 12:17:14,654 INFO o.a.j.r.p.AbstractSampleConsumer: class org.apache.jmeter.report.processor.graph.impl.LatencyVSRequestGraphConsumer#stopProducing(): latencyVsRequest produced 0 samples
2023-05-20 12:17:14,654 INFO o.a.j.r.p.AbstractSampleConsumer: class org.apache.jmeter.report.processor.graph.impl.SyntheticResponseTimeDistributionGraphConsumer#stopProducing(): syntheticResponseTimeDistribution produced 0 samples
2023-05-20 12:17:14,654 INFO o.a.j.r.p.AbstractSampleConsumer: class org.apache.jmeter.report.processor.graph.impl.BytesThroughputGraphConsumer#stopProducing(): bytesThroughputOverTime produced 0 samples
2023-05-20 12:17:14,654 INFO o.a.j.r.p.AbstractSampleConsumer: class org.apache.jmeter.report.processor.graph.impl.CodesPerSecondGraphConsumer#stopProducing(): codesPerSecond produced 0 samples
2023-05-20 12:17:14,669 INFO o.a.j.r.p.AbstractSampleConsumer: class org.apache.jmeter.report.processor.graph.impl.ResponseTimeVSRequestGraphConsumer#stopProducing(): responseTimeVsRequest produced 0 samples
2023-05-20 12:17:14,669 INFO o.a.j.r.p.AbstractSampleConsumer: class org.apache.jmeter.report.processor.FilterConsumer#stopProducing(): startIntervalControlerFilter produced 182 samples
2023-05-20 12:17:14,669 INFO o.a.j.r.p.AbstractSampleConsumer: class org.apache.jmeter.report.processor.graph.impl.TotalTPSGraphConsumer#stopProducing(): totalTPS produced 0 samples
2023-05-20 12:17:14,669 INFO o.a.j.r.p.AbstractSampleConsumer: class org.apache.jmeter.report.processor.graph.impl.ActiveThreadsGraphConsumer#stopProducing(): activeThreadsOverTime produced 0 samples
2023-05-20 12:17:14,669 INFO o.a.j.r.p.AbstractSampleConsumer: class org.apache.jmeter.report.processor.graph.impl.TimeVSThreadGraphConsumer#stopProducing(): timeVsThreads produced 0 samples
2023-05-20 12:17:14,669 INFO o.a.j.r.p.AbstractSampleConsumer: class org.apache.jmeter.report.processor.graph.impl.ResponseTimeDistributionGraphConsumer#stopProducing(): responseTimeDistribution produced 0 samples
2023-05-20 12:17:14,669 INFO o.a.j.r.p.AbstractSampleConsumer: class org.apache.jmeter.report.processor.graph.impl.TransactionsPerSecondGraphConsumer#stopProducing(): transactionsPerSecond produced 0 samples
2023-05-20 12:17:14,669 INFO o.a.j.r.p.AbstractSampleConsumer: class org.apache.jmeter.report.processor.graph.impl.ResponseTimePercentilesGraphConsumer#stopProducing(): responseTimePercentiles produced 0 samples
2023-05-20 12:17:14,669 INFO o.a.j.r.p.AbstractSampleConsumer: class org.apache.jmeter.report.processor.graph.impl.ResponseTimePercentilesOverTimeGraphConsumer#stopProducing(): responseTimePercentilesOverTime produced 0 samples
2023-05-20 12:17:14,669 INFO o.a.j.r.p.AbstractSampleConsumer: class org.apache.jmeter.report.processor.graph.impl.ResponseTimeOverTimeGraphConsumer#stopProducing(): responseTimesOverTime produced 0 samples
2023-05-20 12:17:14,669 INFO o.a.j.r.p.AbstractSampleConsumer: class org.apache.jmeter.report.processor.graph.impl.ConnectTimeOverTimeGraphConsumer#stopProducing(): connectTimeOverTime produced 0 samples
2023-05-20 12:17:14,669 INFO o.a.j.r.p.AbstractSampleConsumer: class org.apache.jmeter.report.processor.graph.impl.LatencyOverTimeGraphConsumer#stopProducing(): latenciesOverTime produced 0 samples
2023-05-20 12:17:14,669 INFO o.a.j.r.p.AbstractSampleConsumer: class org.apache.jmeter.report.processor.FilterConsumer#stopProducing(): nameFilter produced 405 samples
2023-05-20 12:17:14,669 INFO o.a.j.r.p.AbstractSampleConsumer: class org.apache.jmeter.report.processor.FilterConsumer#stopProducing(): dateRangeFilter produced 81 samples
2023-05-20 12:17:14,669 INFO o.a.j.r.p.AbstractSampleConsumer: class org.apache.jmeter.report.processor.NormalizerSampleConsumer#stopProducing(): normalizer produced 27 samples
2023-05-20 12:17:14,669 INFO o.a.j.r.p.CsvFileSampleSource: produce(): 27 samples produced in 78ms on channel 0
2023-05-20 12:17:14,669 INFO o.a.j.r.d.ReportGenerator: Exporting data using exporter:'json' of className:'org.apache.jmeter.report.dashboard.JsonExporter'
2023-05-20 12:17:14,794 INFO o.a.j.r.d.JsonExporter: Found data for consumer statisticsSummary in context
2023-05-20 12:17:14,794 INFO o.a.j.r.d.JsonExporter: Creating statistics for overall
2023-05-20 12:17:14,794 INFO o.a.j.r.d.JsonExporter: Creating statistics for other transactions
2023-05-20 12:17:14,794 INFO o.a.j.r.d.JsonExporter: Checking output folder
2023-05-20 12:17:14,794 INFO o.a.j.r.d.JsonExporter: Writing statistics JSON to C:\Users\LENOVO\Downloads\test\report\statistics.json
2023-05-20 12:17:14,841 INFO o.a.j.r.d.ReportGenerator: Exporting data using exporter:'html' of className:'org.apache.jmeter.report.dashboard.HtmlTemplateExporter'
2023-05-20 12:17:14,841 INFO o.a.j.r.d.HtmlTemplateExporter: Will generate dashboard in folder: C:\Users\LENOVO\Downloads\test\report
2023-05-20 12:17:14,951 INFO o.a.j.r.d.HtmlTemplateExporter: Report will be generated in: C:\Users\LENOVO\Downloads\test\report, creating folder structure
2023-05-20 12:17:14,966 INFO o.a.j.r.d.TemplateVisitor: Copying folder from 'C:\apache-jmeter-5.4.3\apache-jmeter-5.4.3\bin\report-template' to 'C:\Users\LENOVO\Downloads\test\report', got message: C:\Users\LENOVO\Downloads\test\report, found non empty folder with following content [C:\Users\LENOVO\Downloads\test\report\statistics.json], will be ignored
2023-05-20 12:17:15,748 INFO o.a.j.JMeter: Dashboard generated
